2021-03-09T06:14:57+00:00 CRITICAL Uncaught Error: Unknown named parameter $tasks_meta_id in C:\xampp\htdocs\duaa\demo\wp-includes\class-wp-hook.php:287
Stack trace:
#0 C:\xampp\htdocs\duaa\demo\wp-includes\class-wp-hook.php(311): WP_Hook->apply_filters('', Array)
#1 C:\xampp\htdocs\duaa\demo\wp-includes\plugin.php(551): WP_Hook->do_action(Array)
#2 C:\xampp\htdocs\duaa\demo\wp-content\plugins\woocommerce\packages\action-scheduler\classes\actions\ActionScheduler_Action.php(22): do_action_ref_array('wpforms_process...', Array)
#3 C:\xampp\htdocs\duaa\demo\wp-content\plugins\woocommerce\packages\action-scheduler\classes\abstracts\ActionScheduler_Abstract_QueueRunner.php(65): ActionScheduler_Action->execute()
#4 C:\xampp\htdocs\duaa\demo\wp-content\plugins\woocommerce\packages\action-scheduler\classes\ActionScheduler_QueueRunner.php(162): ActionScheduler_Abstract_QueueRunner->process_action(12, 'WP Cron')
#5 C:\xampp\htdocs\duaa\demo\wp-content\plugins\woocommerce\packages\action-scheduler\classes\ActionScheduler_QueueRunner.php(132): ActionScheduler_QueueRunner->do_batch(25, 'WP Cron')
#6 C:\xampp\htdocs\duaa\demo\wp-includes\class-wp-hook.php(287): ActionScheduler_QueueRunner->run('WP Cron')
#7 C:\xampp\htdocs\duaa\demo\wp-includes\class-wp-hook.php(311): WP_Hook->apply_filters('', Array)
#8 C:\xampp\htdocs\duaa\demo\wp-includes\plugin.php(551): WP_Hook->do_action(Array)
#9 C:\xampp\htdocs\duaa\demo\wp-cron.php(138): do_action_ref_array('action_schedule...', Array)
#10 {main}
  thrown in C:\xampp\htdocs\duaa\demo\wp-includes\class-wp-hook.php on line 287

2021-03-09T06:15:00+00:00 CRITICAL Uncaught Error: Unknown named parameter $tasks_meta_id in C:\xampp\htdocs\duaa\demo\wp-includes\class-wp-hook.php:287
Stack trace:
#0 C:\xampp\htdocs\duaa\demo\wp-includes\class-wp-hook.php(311): WP_Hook->apply_filters('', Array)
#1 C:\xampp\htdocs\duaa\demo\wp-includes\plugin.php(551): WP_Hook->do_action(Array)
#2 C:\xampp\htdocs\duaa\demo\wp-content\plugins\woocommerce\packages\action-scheduler\classes\actions\ActionScheduler_Action.php(22): do_action_ref_array('wpforms_email_s...', Array)
#3 C:\xampp\htdocs\duaa\demo\wp-content\plugins\woocommerce\packages\action-scheduler\classes\abstracts\ActionScheduler_Abstract_QueueRunner.php(65): ActionScheduler_Action->execute()
#4 C:\xampp\htdocs\duaa\demo\wp-content\plugins\woocommerce\packages\action-scheduler\classes\ActionScheduler_QueueRunner.php(162): ActionScheduler_Abstract_QueueRunner->process_action(18, 'Async Request')
#5 C:\xampp\htdocs\duaa\demo\wp-content\plugins\woocommerce\packages\action-scheduler\classes\ActionScheduler_QueueRunner.php(132): ActionScheduler_QueueRunner->do_batch(25, 'Async Request')
#6 C:\xampp\htdocs\duaa\demo\wp-includes\class-wp-hook.php(287): ActionScheduler_QueueRunner->run('Async Request')
#7 C:\xampp\htdocs\duaa\demo\wp-includes\class-wp-hook.php(311): WP_Hook->apply_filters('', Array)
#8 C:\xampp\htdocs\duaa\demo\wp-includes\plugin.php(484): WP_Hook->do_action(Array)
#9 C:\xampp\htdocs\duaa\demo\wp-content\plugins\woocommerce\packages\action-scheduler\classes\ActionScheduler_AsyncRequest_QueueRunner.php(52): do_action('action_schedule...', 'Async Request')
#10 C:\xampp\htdocs\duaa\demo\wp-content\plugins\woocommerce\includes\libraries\wp-async-request.php(147): ActionScheduler_AsyncRequest_QueueRunner->handle()
#11 C:\xampp\htdocs\duaa\demo\wp-includes\class-wp-hook.php(287): WP_Async_Request->maybe_handle('')
#12 C:\xampp\htdocs\duaa\demo\wp-includes\class-wp-hook.php(311): WP_Hook->apply_filters('', Array)
#13 C:\xampp\htdocs\duaa\demo\wp-includes\plugin.php(484): WP_Hook->do_action(Array)
#14 C:\xampp\htdocs\duaa\demo\wp-admin\admin-ajax.php(199): do_action('wp_ajax_nopriv_...')
#15 {main}
  thrown in C:\xampp\htdocs\duaa\demo\wp-includes\class-wp-hook.php on line 287

2021-03-09T06:16:12+00:00 CRITICAL Uncaught Error: Unknown named parameter $tasks_meta_id in C:\xampp\htdocs\duaa\demo\wp-includes\class-wp-hook.php:287
Stack trace:
#0 C:\xampp\htdocs\duaa\demo\wp-includes\class-wp-hook.php(311): WP_Hook->apply_filters('', Array)
#1 C:\xampp\htdocs\duaa\demo\wp-includes\plugin.php(551): WP_Hook->do_action(Array)
#2 C:\xampp\htdocs\duaa\demo\wp-content\plugins\woocommerce\packages\action-scheduler\classes\actions\ActionScheduler_Action.php(22): do_action_ref_array('wpforms_admin_n...', Array)
#3 C:\xampp\htdocs\duaa\demo\wp-content\plugins\woocommerce\packages\action-scheduler\classes\abstracts\ActionScheduler_Abstract_QueueRunner.php(65): ActionScheduler_Action->execute()
#4 C:\xampp\htdocs\duaa\demo\wp-content\plugins\woocommerce\packages\action-scheduler\classes\ActionScheduler_QueueRunner.php(162): ActionScheduler_Abstract_QueueRunner->process_action(35, 'Async Request')
#5 C:\xampp\htdocs\duaa\demo\wp-content\plugins\woocommerce\packages\action-scheduler\classes\ActionScheduler_QueueRunner.php(132): ActionScheduler_QueueRunner->do_batch(25, 'Async Request')
#6 C:\xampp\htdocs\duaa\demo\wp-includes\class-wp-hook.php(287): ActionScheduler_QueueRunner->run('Async Request')
#7 C:\xampp\htdocs\duaa\demo\wp-includes\class-wp-hook.php(311): WP_Hook->apply_filters('', Array)
#8 C:\xampp\htdocs\duaa\demo\wp-includes\plugin.php(484): WP_Hook->do_action(Array)
#9 C:\xampp\htdocs\duaa\demo\wp-content\plugins\woocommerce\packages\action-scheduler\classes\ActionScheduler_AsyncRequest_QueueRunner.php(52): do_action('action_schedule...', 'Async Request')
#10 C:\xampp\htdocs\duaa\demo\wp-content\plugins\woocommerce\includes\libraries\wp-async-request.php(147): ActionScheduler_AsyncRequest_QueueRunner->handle()
#11 C:\xampp\htdocs\duaa\demo\wp-includes\class-wp-hook.php(287): WP_Async_Request->maybe_handle('')
#12 C:\xampp\htdocs\duaa\demo\wp-includes\class-wp-hook.php(311): WP_Hook->apply_filters('', Array)
#13 C:\xampp\htdocs\duaa\demo\wp-includes\plugin.php(484): WP_Hook->do_action(Array)
#14 C:\xampp\htdocs\duaa\demo\wp-admin\admin-ajax.php(184): do_action('wp_ajax_as_asyn...')
#15 {main}
  thrown in C:\xampp\htdocs\duaa\demo\wp-includes\class-wp-hook.php on line 287

2021-03-09T06:16:17+00:00 CRITICAL Uncaught Error: Unknown named parameter $tasks_meta_id in C:\xampp\htdocs\duaa\demo\wp-includes\class-wp-hook.php:287
Stack trace:
#0 C:\xampp\htdocs\duaa\demo\wp-includes\class-wp-hook.php(311): WP_Hook->apply_filters('', Array)
#1 C:\xampp\htdocs\duaa\demo\wp-includes\plugin.php(551): WP_Hook->do_action(Array)
#2 C:\xampp\htdocs\duaa\demo\wp-content\plugins\woocommerce\packages\action-scheduler\classes\actions\ActionScheduler_Action.php(22): do_action_ref_array('wpforms_admin_n...', Array)
#3 C:\xampp\htdocs\duaa\demo\wp-content\plugins\woocommerce\packages\action-scheduler\classes\abstracts\ActionScheduler_Abstract_QueueRunner.php(65): ActionScheduler_Action->execute()
#4 C:\xampp\htdocs\duaa\demo\wp-content\plugins\woocommerce\packages\action-scheduler\classes\ActionScheduler_QueueRunner.php(162): ActionScheduler_Abstract_QueueRunner->process_action(36, 'WP Cron')
#5 C:\xampp\htdocs\duaa\demo\wp-content\plugins\woocommerce\packages\action-scheduler\classes\ActionScheduler_QueueRunner.php(132): ActionScheduler_QueueRunner->do_batch(25, 'WP Cron')
#6 C:\xampp\htdocs\duaa\demo\wp-includes\class-wp-hook.php(287): ActionScheduler_QueueRunner->run('WP Cron')
#7 C:\xampp\htdocs\duaa\demo\wp-includes\class-wp-hook.php(311): WP_Hook->apply_filters('', Array)
#8 C:\xampp\htdocs\duaa\demo\wp-includes\plugin.php(551): WP_Hook->do_action(Array)
#9 C:\xampp\htdocs\duaa\demo\wp-cron.php(138): do_action_ref_array('action_schedule...', Array)
#10 {main}
  thrown in C:\xampp\htdocs\duaa\demo\wp-includes\class-wp-hook.php on line 287

2021-03-09T06:17:57+00:00 CRITICAL Uncaught Error: Unknown named parameter $tasks_meta_id in C:\xampp\htdocs\duaa\demo\wp-includes\class-wp-hook.php:287
Stack trace:
#0 C:\xampp\htdocs\duaa\demo\wp-includes\class-wp-hook.php(311): WP_Hook->apply_filters('', Array)
#1 C:\xampp\htdocs\duaa\demo\wp-includes\plugin.php(551): WP_Hook->do_action(Array)
#2 C:\xampp\htdocs\duaa\demo\wp-content\plugins\woocommerce\packages\action-scheduler\classes\actions\ActionScheduler_Action.php(22): do_action_ref_array('wpforms_admin_n...', Array)
#3 C:\xampp\htdocs\duaa\demo\wp-content\plugins\woocommerce\packages\action-scheduler\classes\abstracts\ActionScheduler_Abstract_QueueRunner.php(65): ActionScheduler_Action->execute()
#4 C:\xampp\htdocs\duaa\demo\wp-content\plugins\woocommerce\packages\action-scheduler\classes\ActionScheduler_QueueRunner.php(162): ActionScheduler_Abstract_QueueRunner->process_action(37, 'WP Cron')
#5 C:\xampp\htdocs\duaa\demo\wp-content\plugins\woocommerce\packages\action-scheduler\classes\ActionScheduler_QueueRunner.php(132): ActionScheduler_QueueRunner->do_batch(25, 'WP Cron')
#6 C:\xampp\htdocs\duaa\demo\wp-includes\class-wp-hook.php(287): ActionScheduler_QueueRunner->run('WP Cron')
#7 C:\xampp\htdocs\duaa\demo\wp-includes\class-wp-hook.php(311): WP_Hook->apply_filters('', Array)
#8 C:\xampp\htdocs\duaa\demo\wp-includes\plugin.php(551): WP_Hook->do_action(Array)
#9 C:\xampp\htdocs\duaa\demo\wp-cron.php(138): do_action_ref_array('action_schedule...', Array)
#10 {main}
  thrown in C:\xampp\htdocs\duaa\demo\wp-includes\class-wp-hook.php on line 287

2021-03-09T06:17:58+00:00 CRITICAL Uncaught Error: Unknown named parameter $tasks_meta_id in C:\xampp\htdocs\duaa\demo\wp-includes\class-wp-hook.php:287
Stack trace:
#0 C:\xampp\htdocs\duaa\demo\wp-includes\class-wp-hook.php(311): WP_Hook->apply_filters('', Array)
#1 C:\xampp\htdocs\duaa\demo\wp-includes\plugin.php(551): WP_Hook->do_action(Array)
#2 C:\xampp\htdocs\duaa\demo\wp-content\plugins\woocommerce\packages\action-scheduler\classes\actions\ActionScheduler_Action.php(22): do_action_ref_array('wpforms_admin_n...', Array)
#3 C:\xampp\htdocs\duaa\demo\wp-content\plugins\woocommerce\packages\action-scheduler\classes\abstracts\ActionScheduler_Abstract_QueueRunner.php(65): ActionScheduler_Action->execute()
#4 C:\xampp\htdocs\duaa\demo\wp-content\plugins\woocommerce\packages\action-scheduler\classes\ActionScheduler_QueueRunner.php(162): ActionScheduler_Abstract_QueueRunner->process_action(38, 'Async Request')
#5 C:\xampp\htdocs\duaa\demo\wp-content\plugins\woocommerce\packages\action-scheduler\classes\ActionScheduler_QueueRunner.php(132): ActionScheduler_QueueRunner->do_batch(25, 'Async Request')
#6 C:\xampp\htdocs\duaa\demo\wp-includes\class-wp-hook.php(287): ActionScheduler_QueueRunner->run('Async Request')
#7 C:\xampp\htdocs\duaa\demo\wp-includes\class-wp-hook.php(311): WP_Hook->apply_filters('', Array)
#8 C:\xampp\htdocs\duaa\demo\wp-includes\plugin.php(484): WP_Hook->do_action(Array)
#9 C:\xampp\htdocs\duaa\demo\wp-content\plugins\woocommerce\packages\action-scheduler\classes\ActionScheduler_AsyncRequest_QueueRunner.php(52): do_action('action_schedule...', 'Async Request')
#10 C:\xampp\htdocs\duaa\demo\wp-content\plugins\woocommerce\includes\libraries\wp-async-request.php(147): ActionScheduler_AsyncRequest_QueueRunner->handle()
#11 C:\xampp\htdocs\duaa\demo\wp-includes\class-wp-hook.php(287): WP_Async_Request->maybe_handle('')
#12 C:\xampp\htdocs\duaa\demo\wp-includes\class-wp-hook.php(311): WP_Hook->apply_filters('', Array)
#13 C:\xampp\htdocs\duaa\demo\wp-includes\plugin.php(484): WP_Hook->do_action(Array)
#14 C:\xampp\htdocs\duaa\demo\wp-admin\admin-ajax.php(184): do_action('wp_ajax_as_asyn...')
#15 {main}
  thrown in C:\xampp\htdocs\duaa\demo\wp-includes\class-wp-hook.php on line 287

2021-03-09T06:19:10+00:00 CRITICAL Uncaught Error: Unknown named parameter $tasks_meta_id in C:\xampp\htdocs\duaa\demo\wp-includes\class-wp-hook.php:287
Stack trace:
#0 C:\xampp\htdocs\duaa\demo\wp-includes\class-wp-hook.php(311): WP_Hook->apply_filters('', Array)
#1 C:\xampp\htdocs\duaa\demo\wp-includes\plugin.php(551): WP_Hook->do_action(Array)
#2 C:\xampp\htdocs\duaa\demo\wp-content\plugins\woocommerce\packages\action-scheduler\classes\actions\ActionScheduler_Action.php(22): do_action_ref_array('wpforms_admin_n...', Array)
#3 C:\xampp\htdocs\duaa\demo\wp-content\plugins\woocommerce\packages\action-scheduler\classes\abstracts\ActionScheduler_Abstract_QueueRunner.php(65): ActionScheduler_Action->execute()
#4 C:\xampp\htdocs\duaa\demo\wp-content\plugins\woocommerce\packages\action-scheduler\classes\ActionScheduler_QueueRunner.php(162): ActionScheduler_Abstract_QueueRunner->process_action(39, 'WP Cron')
#5 C:\xampp\htdocs\duaa\demo\wp-content\plugins\woocommerce\packages\action-scheduler\classes\ActionScheduler_QueueRunner.php(132): ActionScheduler_QueueRunner->do_batch(25, 'WP Cron')
#6 C:\xampp\htdocs\duaa\demo\wp-includes\class-wp-hook.php(287): ActionScheduler_QueueRunner->run('WP Cron')
#7 C:\xampp\htdocs\duaa\demo\wp-includes\class-wp-hook.php(311): WP_Hook->apply_filters('', Array)
#8 C:\xampp\htdocs\duaa\demo\wp-includes\plugin.php(551): WP_Hook->do_action(Array)
#9 C:\xampp\htdocs\duaa\demo\wp-cron.php(138): do_action_ref_array('action_schedule...', Array)
#10 {main}
  thrown in C:\xampp\htdocs\duaa\demo\wp-includes\class-wp-hook.php on line 287

2021-03-09T07:31:23+00:00 CRITICAL Uncaught Error: Unknown named parameter $tasks_meta_id in C:\xampp\htdocs\duaa\demo\wp-includes\class-wp-hook.php:287
Stack trace:
#0 C:\xampp\htdocs\duaa\demo\wp-includes\class-wp-hook.php(311): WP_Hook->apply_filters('', Array)
#1 C:\xampp\htdocs\duaa\demo\wp-includes\plugin.php(551): WP_Hook->do_action(Array)
#2 C:\xampp\htdocs\duaa\demo\wp-content\plugins\woocommerce\packages\action-scheduler\classes\actions\ActionScheduler_Action.php(22): do_action_ref_array('wpforms_admin_n...', Array)
#3 C:\xampp\htdocs\duaa\demo\wp-content\plugins\woocommerce\packages\action-scheduler\classes\abstracts\ActionScheduler_Abstract_QueueRunner.php(65): ActionScheduler_Action->execute()
#4 C:\xampp\htdocs\duaa\demo\wp-content\plugins\woocommerce\packages\action-scheduler\classes\ActionScheduler_QueueRunner.php(162): ActionScheduler_Abstract_QueueRunner->process_action(40, 'WP Cron')
#5 C:\xampp\htdocs\duaa\demo\wp-content\plugins\woocommerce\packages\action-scheduler\classes\ActionScheduler_QueueRunner.php(132): ActionScheduler_QueueRunner->do_batch(25, 'WP Cron')
#6 C:\xampp\htdocs\duaa\demo\wp-includes\class-wp-hook.php(287): ActionScheduler_QueueRunner->run('WP Cron')
#7 C:\xampp\htdocs\duaa\demo\wp-includes\class-wp-hook.php(311): WP_Hook->apply_filters('', Array)
#8 C:\xampp\htdocs\duaa\demo\wp-includes\plugin.php(551): WP_Hook->do_action(Array)
#9 C:\xampp\htdocs\duaa\demo\wp-cron.php(138): do_action_ref_array('action_schedule...', Array)
#10 {main}
  thrown in C:\xampp\htdocs\duaa\demo\wp-includes\class-wp-hook.php on line 287

2021-03-09T07:32:23+00:00 CRITICAL Uncaught Error: Unknown named parameter $tasks_meta_id in C:\xampp\htdocs\duaa\demo\wp-includes\class-wp-hook.php:287
Stack trace:
#0 C:\xampp\htdocs\duaa\demo\wp-includes\class-wp-hook.php(311): WP_Hook->apply_filters('', Array)
#1 C:\xampp\htdocs\duaa\demo\wp-includes\plugin.php(551): WP_Hook->do_action(Array)
#2 C:\xampp\htdocs\duaa\demo\wp-content\plugins\woocommerce\packages\action-scheduler\classes\actions\ActionScheduler_Action.php(22): do_action_ref_array('wpforms_admin_n...', Array)
#3 C:\xampp\htdocs\duaa\demo\wp-content\plugins\woocommerce\packages\action-scheduler\classes\abstracts\ActionScheduler_Abstract_QueueRunner.php(65): ActionScheduler_Action->execute()
#4 C:\xampp\htdocs\duaa\demo\wp-content\plugins\woocommerce\packages\action-scheduler\classes\ActionScheduler_QueueRunner.php(162): ActionScheduler_Abstract_QueueRunner->process_action(41, 'WP Cron')
#5 C:\xampp\htdocs\duaa\demo\wp-content\plugins\woocommerce\packages\action-scheduler\classes\ActionScheduler_QueueRunner.php(132): ActionScheduler_QueueRunner->do_batch(25, 'WP Cron')
#6 C:\xampp\htdocs\duaa\demo\wp-includes\class-wp-hook.php(287): ActionScheduler_QueueRunner->run('WP Cron')
#7 C:\xampp\htdocs\duaa\demo\wp-includes\class-wp-hook.php(311): WP_Hook->apply_filters('', Array)
#8 C:\xampp\htdocs\duaa\demo\wp-includes\plugin.php(551): WP_Hook->do_action(Array)
#9 C:\xampp\htdocs\duaa\demo\wp-cron.php(138): do_action_ref_array('action_schedule...', Array)
#10 {main}
  thrown in C:\xampp\htdocs\duaa\demo\wp-includes\class-wp-hook.php on line 287

2021-03-09T07:32:25+00:00 CRITICAL Uncaught Error: Unknown named parameter $tasks_meta_id in C:\xampp\htdocs\duaa\demo\wp-includes\class-wp-hook.php:287
Stack trace:
#0 C:\xampp\htdocs\duaa\demo\wp-includes\class-wp-hook.php(311): WP_Hook->apply_filters('', Array)
#1 C:\xampp\htdocs\duaa\demo\wp-includes\plugin.php(551): WP_Hook->do_action(Array)
#2 C:\xampp\htdocs\duaa\demo\wp-content\plugins\woocommerce\packages\action-scheduler\classes\actions\ActionScheduler_Action.php(22): do_action_ref_array('wpforms_admin_n...', Array)
#3 C:\xampp\htdocs\duaa\demo\wp-content\plugins\woocommerce\packages\action-scheduler\classes\abstracts\ActionScheduler_Abstract_QueueRunner.php(65): ActionScheduler_Action->execute()
#4 C:\xampp\htdocs\duaa\demo\wp-content\plugins\woocommerce\packages\action-scheduler\classes\ActionScheduler_QueueRunner.php(162): ActionScheduler_Abstract_QueueRunner->process_action(42, 'Async Request')
#5 C:\xampp\htdocs\duaa\demo\wp-content\plugins\woocommerce\packages\action-scheduler\classes\ActionScheduler_QueueRunner.php(132): ActionScheduler_QueueRunner->do_batch(25, 'Async Request')
#6 C:\xampp\htdocs\duaa\demo\wp-includes\class-wp-hook.php(287): ActionScheduler_QueueRunner->run('Async Request')
#7 C:\xampp\htdocs\duaa\demo\wp-includes\class-wp-hook.php(311): WP_Hook->apply_filters('', Array)
#8 C:\xampp\htdocs\duaa\demo\wp-includes\plugin.php(484): WP_Hook->do_action(Array)
#9 C:\xampp\htdocs\duaa\demo\wp-content\plugins\woocommerce\packages\action-scheduler\classes\ActionScheduler_AsyncRequest_QueueRunner.php(52): do_action('action_schedule...', 'Async Request')
#10 C:\xampp\htdocs\duaa\demo\wp-content\plugins\woocommerce\includes\libraries\wp-async-request.php(147): ActionScheduler_AsyncRequest_QueueRunner->handle()
#11 C:\xampp\htdocs\duaa\demo\wp-includes\class-wp-hook.php(287): WP_Async_Request->maybe_handle('')
#12 C:\xampp\htdocs\duaa\demo\wp-includes\class-wp-hook.php(311): WP_Hook->apply_filters('', Array)
#13 C:\xampp\htdocs\duaa\demo\wp-includes\plugin.php(484): WP_Hook->do_action(Array)
#14 C:\xampp\htdocs\duaa\demo\wp-admin\admin-ajax.php(184): do_action('wp_ajax_as_asyn...')
#15 {main}
  thrown in C:\xampp\htdocs\duaa\demo\wp-includes\class-wp-hook.php on line 287

2021-03-09T07:33:38+00:00 CRITICAL Uncaught Error: Unknown named parameter $tasks_meta_id in C:\xampp\htdocs\duaa\demo\wp-includes\class-wp-hook.php:287
Stack trace:
#0 C:\xampp\htdocs\duaa\demo\wp-includes\class-wp-hook.php(311): WP_Hook->apply_filters('', Array)
#1 C:\xampp\htdocs\duaa\demo\wp-includes\plugin.php(551): WP_Hook->do_action(Array)
#2 C:\xampp\htdocs\duaa\demo\wp-content\plugins\woocommerce\packages\action-scheduler\classes\actions\ActionScheduler_Action.php(22): do_action_ref_array('wpforms_admin_n...', Array)
#3 C:\xampp\htdocs\duaa\demo\wp-content\plugins\woocommerce\packages\action-scheduler\classes\abstracts\ActionScheduler_Abstract_QueueRunner.php(65): ActionScheduler_Action->execute()
#4 C:\xampp\htdocs\duaa\demo\wp-content\plugins\woocommerce\packages\action-scheduler\classes\ActionScheduler_QueueRunner.php(162): ActionScheduler_Abstract_QueueRunner->process_action(43, 'WP Cron')
#5 C:\xampp\htdocs\duaa\demo\wp-content\plugins\woocommerce\packages\action-scheduler\classes\ActionScheduler_QueueRunner.php(132): ActionScheduler_QueueRunner->do_batch(25, 'WP Cron')
#6 C:\xampp\htdocs\duaa\demo\wp-includes\class-wp-hook.php(287): ActionScheduler_QueueRunner->run('WP Cron')
#7 C:\xampp\htdocs\duaa\demo\wp-includes\class-wp-hook.php(311): WP_Hook->apply_filters('', Array)
#8 C:\xampp\htdocs\duaa\demo\wp-includes\plugin.php(551): WP_Hook->do_action(Array)
#9 C:\xampp\htdocs\duaa\demo\wp-cron.php(138): do_action_ref_array('action_schedule...', Array)
#10 {main}
  thrown in C:\xampp\htdocs\duaa\demo\wp-includes\class-wp-hook.php on line 287

2021-03-09T07:33:40+00:00 CRITICAL Uncaught Error: Unknown named parameter $tasks_meta_id in C:\xampp\htdocs\duaa\demo\wp-includes\class-wp-hook.php:287
Stack trace:
#0 C:\xampp\htdocs\duaa\demo\wp-includes\class-wp-hook.php(311): WP_Hook->apply_filters('', Array)
#1 C:\xampp\htdocs\duaa\demo\wp-includes\plugin.php(551): WP_Hook->do_action(Array)
#2 C:\xampp\htdocs\duaa\demo\wp-content\plugins\woocommerce\packages\action-scheduler\classes\actions\ActionScheduler_Action.php(22): do_action_ref_array('wpforms_admin_n...', Array)
#3 C:\xampp\htdocs\duaa\demo\wp-content\plugins\woocommerce\packages\action-scheduler\classes\abstracts\ActionScheduler_Abstract_QueueRunner.php(65): ActionScheduler_Action->execute()
#4 C:\xampp\htdocs\duaa\demo\wp-content\plugins\woocommerce\packages\action-scheduler\classes\ActionScheduler_QueueRunner.php(162): ActionScheduler_Abstract_QueueRunner->process_action(44, 'Async Request')
#5 C:\xampp\htdocs\duaa\demo\wp-content\plugins\woocommerce\packages\action-scheduler\classes\ActionScheduler_QueueRunner.php(132): ActionScheduler_QueueRunner->do_batch(25, 'Async Request')
#6 C:\xampp\htdocs\duaa\demo\wp-includes\class-wp-hook.php(287): ActionScheduler_QueueRunner->run('Async Request')
#7 C:\xampp\htdocs\duaa\demo\wp-includes\class-wp-hook.php(311): WP_Hook->apply_filters('', Array)
#8 C:\xampp\htdocs\duaa\demo\wp-includes\plugin.php(484): WP_Hook->do_action(Array)
#9 C:\xampp\htdocs\duaa\demo\wp-content\plugins\woocommerce\packages\action-scheduler\classes\ActionScheduler_AsyncRequest_QueueRunner.php(52): do_action('action_schedule...', 'Async Request')
#10 C:\xampp\htdocs\duaa\demo\wp-content\plugins\woocommerce\includes\libraries\wp-async-request.php(147): ActionScheduler_AsyncRequest_QueueRunner->handle()
#11 C:\xampp\htdocs\duaa\demo\wp-includes\class-wp-hook.php(287): WP_Async_Request->maybe_handle('')
#12 C:\xampp\htdocs\duaa\demo\wp-includes\class-wp-hook.php(311): WP_Hook->apply_filters('', Array)
#13 C:\xampp\htdocs\duaa\demo\wp-includes\plugin.php(484): WP_Hook->do_action(Array)
#14 C:\xampp\htdocs\duaa\demo\wp-admin\admin-ajax.php(184): do_action('wp_ajax_as_asyn...')
#15 {main}
  thrown in C:\xampp\htdocs\duaa\demo\wp-includes\class-wp-hook.php on line 287

2021-03-09T07:35:19+00:00 CRITICAL Uncaught Error: Unknown named parameter $tasks_meta_id in C:\xampp\htdocs\duaa\demo\wp-includes\class-wp-hook.php:287
Stack trace:
#0 C:\xampp\htdocs\duaa\demo\wp-includes\class-wp-hook.php(311): WP_Hook->apply_filters('', Array)
#1 C:\xampp\htdocs\duaa\demo\wp-includes\plugin.php(551): WP_Hook->do_action(Array)
#2 C:\xampp\htdocs\duaa\demo\wp-content\plugins\woocommerce\packages\action-scheduler\classes\actions\ActionScheduler_Action.php(22): do_action_ref_array('wpforms_admin_n...', Array)
#3 C:\xampp\htdocs\duaa\demo\wp-content\plugins\woocommerce\packages\action-scheduler\classes\abstracts\ActionScheduler_Abstract_QueueRunner.php(65): ActionScheduler_Action->execute()
#4 C:\xampp\htdocs\duaa\demo\wp-content\plugins\woocommerce\packages\action-scheduler\classes\ActionScheduler_QueueRunner.php(162): ActionScheduler_Abstract_QueueRunner->process_action(45, 'Async Request')
#5 C:\xampp\htdocs\duaa\demo\wp-content\plugins\woocommerce\packages\action-scheduler\classes\ActionScheduler_QueueRunner.php(132): ActionScheduler_QueueRunner->do_batch(25, 'Async Request')
#6 C:\xampp\htdocs\duaa\demo\wp-includes\class-wp-hook.php(287): ActionScheduler_QueueRunner->run('Async Request')
#7 C:\xampp\htdocs\duaa\demo\wp-includes\class-wp-hook.php(311): WP_Hook->apply_filters('', Array)
#8 C:\xampp\htdocs\duaa\demo\wp-includes\plugin.php(484): WP_Hook->do_action(Array)
#9 C:\xampp\htdocs\duaa\demo\wp-content\plugins\woocommerce\packages\action-scheduler\classes\ActionScheduler_AsyncRequest_QueueRunner.php(52): do_action('action_schedule...', 'Async Request')
#10 C:\xampp\htdocs\duaa\demo\wp-content\plugins\woocommerce\includes\libraries\wp-async-request.php(147): ActionScheduler_AsyncRequest_QueueRunner->handle()
#11 C:\xampp\htdocs\duaa\demo\wp-includes\class-wp-hook.php(287): WP_Async_Request->maybe_handle('')
#12 C:\xampp\htdocs\duaa\demo\wp-includes\class-wp-hook.php(311): WP_Hook->apply_filters('', Array)
#13 C:\xampp\htdocs\duaa\demo\wp-includes\plugin.php(484): WP_Hook->do_action(Array)
#14 C:\xampp\htdocs\duaa\demo\wp-admin\admin-ajax.php(184): do_action('wp_ajax_as_asyn...')
#15 {main}
  thrown in C:\xampp\htdocs\duaa\demo\wp-includes\class-wp-hook.php on line 287

2021-03-09T07:36:05+00:00 CRITICAL Uncaught Error: Unknown named parameter $tasks_meta_id in C:\xampp\htdocs\duaa\demo\wp-includes\class-wp-hook.php:287
Stack trace:
#0 C:\xampp\htdocs\duaa\demo\wp-includes\class-wp-hook.php(311): WP_Hook->apply_filters('', Array)
#1 C:\xampp\htdocs\duaa\demo\wp-includes\plugin.php(551): WP_Hook->do_action(Array)
#2 C:\xampp\htdocs\duaa\demo\wp-content\plugins\woocommerce\packages\action-scheduler\classes\actions\ActionScheduler_Action.php(22): do_action_ref_array('wpforms_admin_n...', Array)
#3 C:\xampp\htdocs\duaa\demo\wp-content\plugins\woocommerce\packages\action-scheduler\classes\abstracts\ActionScheduler_Abstract_QueueRunner.php(65): ActionScheduler_Action->execute()
#4 C:\xampp\htdocs\duaa\demo\wp-content\plugins\woocommerce\packages\action-scheduler\classes\ActionScheduler_QueueRunner.php(162): ActionScheduler_Abstract_QueueRunner->process_action(46, 'WP Cron')
#5 C:\xampp\htdocs\duaa\demo\wp-content\plugins\woocommerce\packages\action-scheduler\classes\ActionScheduler_QueueRunner.php(132): ActionScheduler_QueueRunner->do_batch(25, 'WP Cron')
#6 C:\xampp\htdocs\duaa\demo\wp-includes\class-wp-hook.php(287): ActionScheduler_QueueRunner->run('WP Cron')
#7 C:\xampp\htdocs\duaa\demo\wp-includes\class-wp-hook.php(311): WP_Hook->apply_filters('', Array)
#8 C:\xampp\htdocs\duaa\demo\wp-includes\plugin.php(551): WP_Hook->do_action(Array)
#9 C:\xampp\htdocs\duaa\demo\wp-cron.php(138): do_action_ref_array('action_schedule...', Array)
#10 {main}
  thrown in C:\xampp\htdocs\duaa\demo\wp-includes\class-wp-hook.php on line 287

2021-03-09T07:37:05+00:00 CRITICAL Uncaught Error: Unknown named parameter $tasks_meta_id in C:\xampp\htdocs\duaa\demo\wp-includes\class-wp-hook.php:287
Stack trace:
#0 C:\xampp\htdocs\duaa\demo\wp-includes\class-wp-hook.php(311): WP_Hook->apply_filters('', Array)
#1 C:\xampp\htdocs\duaa\demo\wp-includes\plugin.php(551): WP_Hook->do_action(Array)
#2 C:\xampp\htdocs\duaa\demo\wp-content\plugins\woocommerce\packages\action-scheduler\classes\actions\ActionScheduler_Action.php(22): do_action_ref_array('wpforms_admin_n...', Array)
#3 C:\xampp\htdocs\duaa\demo\wp-content\plugins\woocommerce\packages\action-scheduler\classes\abstracts\ActionScheduler_Abstract_QueueRunner.php(65): ActionScheduler_Action->execute()
#4 C:\xampp\htdocs\duaa\demo\wp-content\plugins\woocommerce\packages\action-scheduler\classes\ActionScheduler_QueueRunner.php(162): ActionScheduler_Abstract_QueueRunner->process_action(47, 'Async Request')
#5 C:\xampp\htdocs\duaa\demo\wp-content\plugins\woocommerce\packages\action-scheduler\classes\ActionScheduler_QueueRunner.php(132): ActionScheduler_QueueRunner->do_batch(25, 'Async Request')
#6 C:\xampp\htdocs\duaa\demo\wp-includes\class-wp-hook.php(287): ActionScheduler_QueueRunner->run('Async Request')
#7 C:\xampp\htdocs\duaa\demo\wp-includes\class-wp-hook.php(311): WP_Hook->apply_filters('', Array)
#8 C:\xampp\htdocs\duaa\demo\wp-includes\plugin.php(484): WP_Hook->do_action(Array)
#9 C:\xampp\htdocs\duaa\demo\wp-content\plugins\woocommerce\packages\action-scheduler\classes\ActionScheduler_AsyncRequest_QueueRunner.php(52): do_action('action_schedule...', 'Async Request')
#10 C:\xampp\htdocs\duaa\demo\wp-content\plugins\woocommerce\includes\libraries\wp-async-request.php(147): ActionScheduler_AsyncRequest_QueueRunner->handle()
#11 C:\xampp\htdocs\duaa\demo\wp-includes\class-wp-hook.php(287): WP_Async_Request->maybe_handle('')
#12 C:\xampp\htdocs\duaa\demo\wp-includes\class-wp-hook.php(311): WP_Hook->apply_filters('', Array)
#13 C:\xampp\htdocs\duaa\demo\wp-includes\plugin.php(484): WP_Hook->do_action(Array)
#14 C:\xampp\htdocs\duaa\demo\wp-admin\admin-ajax.php(184): do_action('wp_ajax_as_asyn...')
#15 {main}
  thrown in C:\xampp\htdocs\duaa\demo\wp-includes\class-wp-hook.php on line 287

2021-03-09T07:39:19+00:00 CRITICAL Uncaught Error: Unknown named parameter $tasks_meta_id in C:\xampp\htdocs\duaa\demo\wp-includes\class-wp-hook.php:287
Stack trace:
#0 C:\xampp\htdocs\duaa\demo\wp-includes\class-wp-hook.php(311): WP_Hook->apply_filters('', Array)
#1 C:\xampp\htdocs\duaa\demo\wp-includes\plugin.php(551): WP_Hook->do_action(Array)
#2 C:\xampp\htdocs\duaa\demo\wp-content\plugins\woocommerce\packages\action-scheduler\classes\actions\ActionScheduler_Action.php(22): do_action_ref_array('wpforms_admin_n...', Array)
#3 C:\xampp\htdocs\duaa\demo\wp-content\plugins\woocommerce\packages\action-scheduler\classes\abstracts\ActionScheduler_Abstract_QueueRunner.php(65): ActionScheduler_Action->execute()
#4 C:\xampp\htdocs\duaa\demo\wp-content\plugins\woocommerce\packages\action-scheduler\classes\ActionScheduler_QueueRunner.php(162): ActionScheduler_Abstract_QueueRunner->process_action(48, 'WP Cron')
#5 C:\xampp\htdocs\duaa\demo\wp-content\plugins\woocommerce\packages\action-scheduler\classes\ActionScheduler_QueueRunner.php(132): ActionScheduler_QueueRunner->do_batch(25, 'WP Cron')
#6 C:\xampp\htdocs\duaa\demo\wp-includes\class-wp-hook.php(287): ActionScheduler_QueueRunner->run('WP Cron')
#7 C:\xampp\htdocs\duaa\demo\wp-includes\class-wp-hook.php(311): WP_Hook->apply_filters('', Array)
#8 C:\xampp\htdocs\duaa\demo\wp-includes\plugin.php(551): WP_Hook->do_action(Array)
#9 C:\xampp\htdocs\duaa\demo\wp-cron.php(138): do_action_ref_array('action_schedule...', Array)
#10 {main}
  thrown in C:\xampp\htdocs\duaa\demo\wp-includes\class-wp-hook.php on line 287

2021-03-09T07:39:21+00:00 CRITICAL Uncaught Error: Unknown named parameter $tasks_meta_id in C:\xampp\htdocs\duaa\demo\wp-includes\class-wp-hook.php:287
Stack trace:
#0 C:\xampp\htdocs\duaa\demo\wp-includes\class-wp-hook.php(311): WP_Hook->apply_filters('', Array)
#1 C:\xampp\htdocs\duaa\demo\wp-includes\plugin.php(551): WP_Hook->do_action(Array)
#2 C:\xampp\htdocs\duaa\demo\wp-content\plugins\woocommerce\packages\action-scheduler\classes\actions\ActionScheduler_Action.php(22): do_action_ref_array('wpforms_admin_n...', Array)
#3 C:\xampp\htdocs\duaa\demo\wp-content\plugins\woocommerce\packages\action-scheduler\classes\abstracts\ActionScheduler_Abstract_QueueRunner.php(65): ActionScheduler_Action->execute()
#4 C:\xampp\htdocs\duaa\demo\wp-content\plugins\woocommerce\packages\action-scheduler\classes\ActionScheduler_QueueRunner.php(162): ActionScheduler_Abstract_QueueRunner->process_action(49, 'Async Request')
#5 C:\xampp\htdocs\duaa\demo\wp-content\plugins\woocommerce\packages\action-scheduler\classes\ActionScheduler_QueueRunner.php(132): ActionScheduler_QueueRunner->do_batch(25, 'Async Request')
#6 C:\xampp\htdocs\duaa\demo\wp-includes\class-wp-hook.php(287): ActionScheduler_QueueRunner->run('Async Request')
#7 C:\xampp\htdocs\duaa\demo\wp-includes\class-wp-hook.php(311): WP_Hook->apply_filters('', Array)
#8 C:\xampp\htdocs\duaa\demo\wp-includes\plugin.php(484): WP_Hook->do_action(Array)
#9 C:\xampp\htdocs\duaa\demo\wp-content\plugins\woocommerce\packages\action-scheduler\classes\ActionScheduler_AsyncRequest_QueueRunner.php(52): do_action('action_schedule...', 'Async Request')
#10 C:\xampp\htdocs\duaa\demo\wp-content\plugins\woocommerce\includes\libraries\wp-async-request.php(147): ActionScheduler_AsyncRequest_QueueRunner->handle()
#11 C:\xampp\htdocs\duaa\demo\wp-includes\class-wp-hook.php(287): WP_Async_Request->maybe_handle('')
#12 C:\xampp\htdocs\duaa\demo\wp-includes\class-wp-hook.php(311): WP_Hook->apply_filters('', Array)
#13 C:\xampp\htdocs\duaa\demo\wp-includes\plugin.php(484): WP_Hook->do_action(Array)
#14 C:\xampp\htdocs\duaa\demo\wp-admin\admin-ajax.php(184): do_action('wp_ajax_as_asyn...')
#15 {main}
  thrown in C:\xampp\htdocs\duaa\demo\wp-includes\class-wp-hook.php on line 287

2021-03-09T07:40:28+00:00 CRITICAL Uncaught Error: Unknown named parameter $tasks_meta_id in C:\xampp\htdocs\duaa\demo\wp-includes\class-wp-hook.php:287
Stack trace:
#0 C:\xampp\htdocs\duaa\demo\wp-includes\class-wp-hook.php(311): WP_Hook->apply_filters('', Array)
#1 C:\xampp\htdocs\duaa\demo\wp-includes\plugin.php(551): WP_Hook->do_action(Array)
#2 C:\xampp\htdocs\duaa\demo\wp-content\plugins\woocommerce\packages\action-scheduler\classes\actions\ActionScheduler_Action.php(22): do_action_ref_array('wpforms_admin_n...', Array)
#3 C:\xampp\htdocs\duaa\demo\wp-content\plugins\woocommerce\packages\action-scheduler\classes\abstracts\ActionScheduler_Abstract_QueueRunner.php(65): ActionScheduler_Action->execute()
#4 C:\xampp\htdocs\duaa\demo\wp-content\plugins\woocommerce\packages\action-scheduler\classes\ActionScheduler_QueueRunner.php(162): ActionScheduler_Abstract_QueueRunner->process_action(50, 'WP Cron')
#5 C:\xampp\htdocs\duaa\demo\wp-content\plugins\woocommerce\packages\action-scheduler\classes\ActionScheduler_QueueRunner.php(132): ActionScheduler_QueueRunner->do_batch(25, 'WP Cron')
#6 C:\xampp\htdocs\duaa\demo\wp-includes\class-wp-hook.php(287): ActionScheduler_QueueRunner->run('WP Cron')
#7 C:\xampp\htdocs\duaa\demo\wp-includes\class-wp-hook.php(311): WP_Hook->apply_filters('', Array)
#8 C:\xampp\htdocs\duaa\demo\wp-includes\plugin.php(551): WP_Hook->do_action(Array)
#9 C:\xampp\htdocs\duaa\demo\wp-cron.php(138): do_action_ref_array('action_schedule...', Array)
#10 {main}
  thrown in C:\xampp\htdocs\duaa\demo\wp-includes\class-wp-hook.php on line 287

2021-03-09T07:43:28+00:00 CRITICAL Uncaught Error: Unknown named parameter $tasks_meta_id in C:\xampp\htdocs\duaa\demo\wp-includes\class-wp-hook.php:287
Stack trace:
#0 C:\xampp\htdocs\duaa\demo\wp-includes\class-wp-hook.php(311): WP_Hook->apply_filters('', Array)
#1 C:\xampp\htdocs\duaa\demo\wp-includes\plugin.php(551): WP_Hook->do_action(Array)
#2 C:\xampp\htdocs\duaa\demo\wp-content\plugins\woocommerce\packages\action-scheduler\classes\actions\ActionScheduler_Action.php(22): do_action_ref_array('wpforms_admin_n...', Array)
#3 C:\xampp\htdocs\duaa\demo\wp-content\plugins\woocommerce\packages\action-scheduler\classes\abstracts\ActionScheduler_Abstract_QueueRunner.php(65): ActionScheduler_Action->execute()
#4 C:\xampp\htdocs\duaa\demo\wp-content\plugins\woocommerce\packages\action-scheduler\classes\ActionScheduler_QueueRunner.php(162): ActionScheduler_Abstract_QueueRunner->process_action(51, 'WP Cron')
#5 C:\xampp\htdocs\duaa\demo\wp-content\plugins\woocommerce\packages\action-scheduler\classes\ActionScheduler_QueueRunner.php(132): ActionScheduler_QueueRunner->do_batch(25, 'WP Cron')
#6 C:\xampp\htdocs\duaa\demo\wp-includes\class-wp-hook.php(287): ActionScheduler_QueueRunner->run('WP Cron')
#7 C:\xampp\htdocs\duaa\demo\wp-includes\class-wp-hook.php(311): WP_Hook->apply_filters('', Array)
#8 C:\xampp\htdocs\duaa\demo\wp-includes\plugin.php(551): WP_Hook->do_action(Array)
#9 C:\xampp\htdocs\duaa\demo\wp-cron.php(138): do_action_ref_array('action_schedule...', Array)
#10 {main}
  thrown in C:\xampp\htdocs\duaa\demo\wp-includes\class-wp-hook.php on line 287

2021-03-09T07:46:12+00:00 CRITICAL Uncaught Error: Unknown named parameter $tasks_meta_id in C:\xampp\htdocs\duaa\demo\wp-includes\class-wp-hook.php:287
Stack trace:
#0 C:\xampp\htdocs\duaa\demo\wp-includes\class-wp-hook.php(311): WP_Hook->apply_filters('', Array)
#1 C:\xampp\htdocs\duaa\demo\wp-includes\plugin.php(551): WP_Hook->do_action(Array)
#2 C:\xampp\htdocs\duaa\demo\wp-content\plugins\woocommerce\packages\action-scheduler\classes\actions\ActionScheduler_Action.php(22): do_action_ref_array('wpforms_admin_n...', Array)
#3 C:\xampp\htdocs\duaa\demo\wp-content\plugins\woocommerce\packages\action-scheduler\classes\abstracts\ActionScheduler_Abstract_QueueRunner.php(65): ActionScheduler_Action->execute()
#4 C:\xampp\htdocs\duaa\demo\wp-content\plugins\woocommerce\packages\action-scheduler\classes\ActionScheduler_QueueRunner.php(162): ActionScheduler_Abstract_QueueRunner->process_action(52, 'Async Request')
#5 C:\xampp\htdocs\duaa\demo\wp-content\plugins\woocommerce\packages\action-scheduler\classes\ActionScheduler_QueueRunner.php(132): ActionScheduler_QueueRunner->do_batch(25, 'Async Request')
#6 C:\xampp\htdocs\duaa\demo\wp-includes\class-wp-hook.php(287): ActionScheduler_QueueRunner->run('Async Request')
#7 C:\xampp\htdocs\duaa\demo\wp-includes\class-wp-hook.php(311): WP_Hook->apply_filters('', Array)
#8 C:\xampp\htdocs\duaa\demo\wp-includes\plugin.php(484): WP_Hook->do_action(Array)
#9 C:\xampp\htdocs\duaa\demo\wp-content\plugins\woocommerce\packages\action-scheduler\classes\ActionScheduler_AsyncRequest_QueueRunner.php(52): do_action('action_schedule...', 'Async Request')
#10 C:\xampp\htdocs\duaa\demo\wp-content\plugins\woocommerce\includes\libraries\wp-async-request.php(147): ActionScheduler_AsyncRequest_QueueRunner->handle()
#11 C:\xampp\htdocs\duaa\demo\wp-includes\class-wp-hook.php(287): WP_Async_Request->maybe_handle('')
#12 C:\xampp\htdocs\duaa\demo\wp-includes\class-wp-hook.php(311): WP_Hook->apply_filters('', Array)
#13 C:\xampp\htdocs\duaa\demo\wp-includes\plugin.php(484): WP_Hook->do_action(Array)
#14 C:\xampp\htdocs\duaa\demo\wp-admin\admin-ajax.php(184): do_action('wp_ajax_as_asyn...')
#15 {main}
  thrown in C:\xampp\htdocs\duaa\demo\wp-includes\class-wp-hook.php on line 287

2021-03-09T07:47:16+00:00 CRITICAL Uncaught Error: Unknown named parameter $tasks_meta_id in C:\xampp\htdocs\duaa\demo\wp-includes\class-wp-hook.php:287
Stack trace:
#0 C:\xampp\htdocs\duaa\demo\wp-includes\class-wp-hook.php(311): WP_Hook->apply_filters('', Array)
#1 C:\xampp\htdocs\duaa\demo\wp-includes\plugin.php(551): WP_Hook->do_action(Array)
#2 C:\xampp\htdocs\duaa\demo\wp-content\plugins\woocommerce\packages\action-scheduler\classes\actions\ActionScheduler_Action.php(22): do_action_ref_array('wpforms_admin_n...', Array)
#3 C:\xampp\htdocs\duaa\demo\wp-content\plugins\woocommerce\packages\action-scheduler\classes\abstracts\ActionScheduler_Abstract_QueueRunner.php(65): ActionScheduler_Action->execute()
#4 C:\xampp\htdocs\duaa\demo\wp-content\plugins\woocommerce\packages\action-scheduler\classes\ActionScheduler_QueueRunner.php(162): ActionScheduler_Abstract_QueueRunner->process_action(53, 'Async Request')
#5 C:\xampp\htdocs\duaa\demo\wp-content\plugins\woocommerce\packages\action-scheduler\classes\ActionScheduler_QueueRunner.php(132): ActionScheduler_QueueRunner->do_batch(25, 'Async Request')
#6 C:\xampp\htdocs\duaa\demo\wp-includes\class-wp-hook.php(287): ActionScheduler_QueueRunner->run('Async Request')
#7 C:\xampp\htdocs\duaa\demo\wp-includes\class-wp-hook.php(311): WP_Hook->apply_filters('', Array)
#8 C:\xampp\htdocs\duaa\demo\wp-includes\plugin.php(484): WP_Hook->do_action(Array)
#9 C:\xampp\htdocs\duaa\demo\wp-content\plugins\woocommerce\packages\action-scheduler\classes\ActionScheduler_AsyncRequest_QueueRunner.php(52): do_action('action_schedule...', 'Async Request')
#10 C:\xampp\htdocs\duaa\demo\wp-content\plugins\woocommerce\includes\libraries\wp-async-request.php(147): ActionScheduler_AsyncRequest_QueueRunner->handle()
#11 C:\xampp\htdocs\duaa\demo\wp-includes\class-wp-hook.php(287): WP_Async_Request->maybe_handle('')
#12 C:\xampp\htdocs\duaa\demo\wp-includes\class-wp-hook.php(311): WP_Hook->apply_filters('', Array)
#13 C:\xampp\htdocs\duaa\demo\wp-includes\plugin.php(484): WP_Hook->do_action(Array)
#14 C:\xampp\htdocs\duaa\demo\wp-admin\admin-ajax.php(184): do_action('wp_ajax_as_asyn...')
#15 {main}
  thrown in C:\xampp\htdocs\duaa\demo\wp-includes\class-wp-hook.php on line 287

2021-03-09T07:49:35+00:00 CRITICAL Uncaught Error: Unknown named parameter $tasks_meta_id in C:\xampp\htdocs\duaa\demo\wp-includes\class-wp-hook.php:287
Stack trace:
#0 C:\xampp\htdocs\duaa\demo\wp-includes\class-wp-hook.php(311): WP_Hook->apply_filters('', Array)
#1 C:\xampp\htdocs\duaa\demo\wp-includes\plugin.php(551): WP_Hook->do_action(Array)
#2 C:\xampp\htdocs\duaa\demo\wp-content\plugins\woocommerce\packages\action-scheduler\classes\actions\ActionScheduler_Action.php(22): do_action_ref_array('wpforms_admin_n...', Array)
#3 C:\xampp\htdocs\duaa\demo\wp-content\plugins\woocommerce\packages\action-scheduler\classes\abstracts\ActionScheduler_Abstract_QueueRunner.php(65): ActionScheduler_Action->execute()
#4 C:\xampp\htdocs\duaa\demo\wp-content\plugins\woocommerce\packages\action-scheduler\classes\ActionScheduler_QueueRunner.php(162): ActionScheduler_Abstract_QueueRunner->process_action(55, 'WP Cron')
#5 C:\xampp\htdocs\duaa\demo\wp-content\plugins\woocommerce\packages\action-scheduler\classes\ActionScheduler_QueueRunner.php(132): ActionScheduler_QueueRunner->do_batch(25, 'WP Cron')
#6 C:\xampp\htdocs\duaa\demo\wp-includes\class-wp-hook.php(287): ActionScheduler_QueueRunner->run('WP Cron')
#7 C:\xampp\htdocs\duaa\demo\wp-includes\class-wp-hook.php(311): WP_Hook->apply_filters('', Array)
#8 C:\xampp\htdocs\duaa\demo\wp-includes\plugin.php(551): WP_Hook->do_action(Array)
#9 C:\xampp\htdocs\duaa\demo\wp-cron.php(138): do_action_ref_array('action_schedule...', Array)
#10 {main}
  thrown in C:\xampp\htdocs\duaa\demo\wp-includes\class-wp-hook.php on line 287

2021-03-09T07:51:25+00:00 CRITICAL Uncaught Error: Unknown named parameter $tasks_meta_id in C:\xampp\htdocs\duaa\demo\wp-includes\class-wp-hook.php:287
Stack trace:
#0 C:\xampp\htdocs\duaa\demo\wp-includes\class-wp-hook.php(311): WP_Hook->apply_filters('', Array)
#1 C:\xampp\htdocs\duaa\demo\wp-includes\plugin.php(551): WP_Hook->do_action(Array)
#2 C:\xampp\htdocs\duaa\demo\wp-content\plugins\woocommerce\packages\action-scheduler\classes\actions\ActionScheduler_Action.php(22): do_action_ref_array('wpforms_admin_n...', Array)
#3 C:\xampp\htdocs\duaa\demo\wp-content\plugins\woocommerce\packages\action-scheduler\classes\abstracts\ActionScheduler_Abstract_QueueRunner.php(65): ActionScheduler_Action->execute()
#4 C:\xampp\htdocs\duaa\demo\wp-content\plugins\woocommerce\packages\action-scheduler\classes\ActionScheduler_QueueRunner.php(162): ActionScheduler_Abstract_QueueRunner->process_action(56, 'WP Cron')
#5 C:\xampp\htdocs\duaa\demo\wp-content\plugins\woocommerce\packages\action-scheduler\classes\ActionScheduler_QueueRunner.php(132): ActionScheduler_QueueRunner->do_batch(25, 'WP Cron')
#6 C:\xampp\htdocs\duaa\demo\wp-includes\class-wp-hook.php(287): ActionScheduler_QueueRunner->run('WP Cron')
#7 C:\xampp\htdocs\duaa\demo\wp-includes\class-wp-hook.php(311): WP_Hook->apply_filters('', Array)
#8 C:\xampp\htdocs\duaa\demo\wp-includes\plugin.php(551): WP_Hook->do_action(Array)
#9 C:\xampp\htdocs\duaa\demo\wp-cron.php(138): do_action_ref_array('action_schedule...', Array)
#10 {main}
  thrown in C:\xampp\htdocs\duaa\demo\wp-includes\class-wp-hook.php on line 287

2021-03-09T07:57:02+00:00 CRITICAL Uncaught Error: Unknown named parameter $tasks_meta_id in C:\xampp\htdocs\duaa\demo\wp-includes\class-wp-hook.php:287
Stack trace:
#0 C:\xampp\htdocs\duaa\demo\wp-includes\class-wp-hook.php(311): WP_Hook->apply_filters('', Array)
#1 C:\xampp\htdocs\duaa\demo\wp-includes\plugin.php(551): WP_Hook->do_action(Array)
#2 C:\xampp\htdocs\duaa\demo\wp-content\plugins\woocommerce\packages\action-scheduler\classes\actions\ActionScheduler_Action.php(22): do_action_ref_array('wpforms_admin_n...', Array)
#3 C:\xampp\htdocs\duaa\demo\wp-content\plugins\woocommerce\packages\action-scheduler\classes\abstracts\ActionScheduler_Abstract_QueueRunner.php(65): ActionScheduler_Action->execute()
#4 C:\xampp\htdocs\duaa\demo\wp-content\plugins\woocommerce\packages\action-scheduler\classes\ActionScheduler_QueueRunner.php(162): ActionScheduler_Abstract_QueueRunner->process_action(57, 'WP Cron')
#5 C:\xampp\htdocs\duaa\demo\wp-content\plugins\woocommerce\packages\action-scheduler\classes\ActionScheduler_QueueRunner.php(132): ActionScheduler_QueueRunner->do_batch(25, 'WP Cron')
#6 C:\xampp\htdocs\duaa\demo\wp-includes\class-wp-hook.php(287): ActionScheduler_QueueRunner->run('WP Cron')
#7 C:\xampp\htdocs\duaa\demo\wp-includes\class-wp-hook.php(311): WP_Hook->apply_filters('', Array)
#8 C:\xampp\htdocs\duaa\demo\wp-includes\plugin.php(551): WP_Hook->do_action(Array)
#9 C:\xampp\htdocs\duaa\demo\wp-cron.php(138): do_action_ref_array('action_schedule...', Array)
#10 {main}
  thrown in C:\xampp\htdocs\duaa\demo\wp-includes\class-wp-hook.php on line 287

2021-03-09T07:58:02+00:00 CRITICAL Uncaught Error: Unknown named parameter $tasks_meta_id in C:\xampp\htdocs\duaa\demo\wp-includes\class-wp-hook.php:287
Stack trace:
#0 C:\xampp\htdocs\duaa\demo\wp-includes\class-wp-hook.php(311): WP_Hook->apply_filters('', Array)
#1 C:\xampp\htdocs\duaa\demo\wp-includes\plugin.php(551): WP_Hook->do_action(Array)
#2 C:\xampp\htdocs\duaa\demo\wp-content\plugins\woocommerce\packages\action-scheduler\classes\actions\ActionScheduler_Action.php(22): do_action_ref_array('wpforms_admin_n...', Array)
#3 C:\xampp\htdocs\duaa\demo\wp-content\plugins\woocommerce\packages\action-scheduler\classes\abstracts\ActionScheduler_Abstract_QueueRunner.php(65): ActionScheduler_Action->execute()
#4 C:\xampp\htdocs\duaa\demo\wp-content\plugins\woocommerce\packages\action-scheduler\classes\ActionScheduler_QueueRunner.php(162): ActionScheduler_Abstract_QueueRunner->process_action(58, 'WP Cron')
#5 C:\xampp\htdocs\duaa\demo\wp-content\plugins\woocommerce\packages\action-scheduler\classes\ActionScheduler_QueueRunner.php(132): ActionScheduler_QueueRunner->do_batch(25, 'WP Cron')
#6 C:\xampp\htdocs\duaa\demo\wp-includes\class-wp-hook.php(287): ActionScheduler_QueueRunner->run('WP Cron')
#7 C:\xampp\htdocs\duaa\demo\wp-includes\class-wp-hook.php(311): WP_Hook->apply_filters('', Array)
#8 C:\xampp\htdocs\duaa\demo\wp-includes\plugin.php(551): WP_Hook->do_action(Array)
#9 C:\xampp\htdocs\duaa\demo\wp-cron.php(138): do_action_ref_array('action_schedule...', Array)
#10 {main}
  thrown in C:\xampp\htdocs\duaa\demo\wp-includes\class-wp-hook.php on line 287

2021-03-09T08:00:46+00:00 CRITICAL Uncaught Error: Unknown named parameter $tasks_meta_id in C:\xampp\htdocs\duaa\demo\wp-includes\class-wp-hook.php:287
Stack trace:
#0 C:\xampp\htdocs\duaa\demo\wp-includes\class-wp-hook.php(311): WP_Hook->apply_filters('', Array)
#1 C:\xampp\htdocs\duaa\demo\wp-includes\plugin.php(551): WP_Hook->do_action(Array)
#2 C:\xampp\htdocs\duaa\demo\wp-content\plugins\woocommerce\packages\action-scheduler\classes\actions\ActionScheduler_Action.php(22): do_action_ref_array('wpforms_admin_n...', Array)
#3 C:\xampp\htdocs\duaa\demo\wp-content\plugins\woocommerce\packages\action-scheduler\classes\abstracts\ActionScheduler_Abstract_QueueRunner.php(65): ActionScheduler_Action->execute()
#4 C:\xampp\htdocs\duaa\demo\wp-content\plugins\woocommerce\packages\action-scheduler\classes\ActionScheduler_QueueRunner.php(162): ActionScheduler_Abstract_QueueRunner->process_action(59, 'WP Cron')
#5 C:\xampp\htdocs\duaa\demo\wp-content\plugins\woocommerce\packages\action-scheduler\classes\ActionScheduler_QueueRunner.php(132): ActionScheduler_QueueRunner->do_batch(25, 'WP Cron')
#6 C:\xampp\htdocs\duaa\demo\wp-includes\class-wp-hook.php(287): ActionScheduler_QueueRunner->run('WP Cron')
#7 C:\xampp\htdocs\duaa\demo\wp-includes\class-wp-hook.php(311): WP_Hook->apply_filters('', Array)
#8 C:\xampp\htdocs\duaa\demo\wp-includes\plugin.php(551): WP_Hook->do_action(Array)
#9 C:\xampp\htdocs\duaa\demo\wp-cron.php(138): do_action_ref_array('action_schedule...', Array)
#10 {main}
  thrown in C:\xampp\htdocs\duaa\demo\wp-includes\class-wp-hook.php on line 287

